0:0:0:0:0:0:0:1 - - [01/Aug/2023:12:55:54 +0100] "GET /swagger-ui/index.html HTTP/1.1" 200 734
0:0:0:0:0:0:0:1 - - [01/Aug/2023:12:55:54 +0100] "GET /swagger-ui/swagger-ui.css HTTP/1.1" 200 145206
0:0:0:0:0:0:0:1 - - [01/Aug/2023:12:55:54 +0100] "GET /swagger-ui/index.css HTTP/1.1" 200 202
0:0:0:0:0:0:0:1 - - [01/Aug/2023:12:55:54 +0100] "GET /swagger-ui/swagger-ui-standalone-preset.js HTTP/1.1" 200 322863
0:0:0:0:0:0:0:1 - - [01/Aug/2023:12:55:54 +0100] "GET /swagger-ui/swagger-ui-bundle.js HTTP/1.1" 200 1048207
0:0:0:0:0:0:0:1 - - [01/Aug/2023:12:55:54 +0100] "GET /swagger-ui/swagger-initializer.js HTTP/1.1" 200 615
0:0:0:0:0:0:0:1 - - [01/Aug/2023:12:55:54 +0100] "GET /swagger-ui/favicon-32x32.png HTTP/1.1" 200 628
0:0:0:0:0:0:0:1 - - [01/Aug/2023:12:55:54 +0100] "GET /v3/api-docs/swagger-config HTTP/1.1" 200 169
0:0:0:0:0:0:0:1 - - [01/Aug/2023:12:55:55 +0100] "GET /v3/api-docs HTTP/1.1" 200 6057
0:0:0:0:0:0:0:1 - - [01/Aug/2023:12:55:57 +0100] "GET /swagger-ui/swagger-initializer.js HTTP/1.1" 200 615
0:0:0:0:0:0:0:1 - - [01/Aug/2023:12:55:58 +0100] "GET /v3/api-docs/swagger-config HTTP/1.1" 200 169
0:0:0:0:0:0:0:1 - - [01/Aug/2023:12:55:58 +0100] "GET /v3/api-docs HTTP/1.1" 200 6057
0:0:0:0:0:0:0:1 - - [01/Aug/2023:12:56:19 +0100] "GET /Customers HTTP/1.1" 404 281
0:0:0:0:0:0:0:1 - - [01/Aug/2023:12:56:19 +0100] "GET /favicon.ico HTTP/1.1" 500 75
0:0:0:0:0:0:0:1 - - [01/Aug/2023:12:56:39 +0100] "GET /Customers HTTP/1.1" 404 281
0:0:0:0:0:0:0:1 - - [01/Aug/2023:12:56:39 +0100] "GET /favicon.ico HTTP/1.1" 500 75
0:0:0:0:0:0:0:1 - - [01/Aug/2023:12:57:40 +0100] "GET /Customers HTTP/1.1" 404 281
0:0:0:0:0:0:0:1 - - [01/Aug/2023:12:57:40 +0100] "GET /favicon.ico HTTP/1.1" 500 75
0:0:0:0:0:0:0:1 - - [01/Aug/2023:12:58:18 +0100] "GET / HTTP/1.1" 404 281
0:0:0:0:0:0:0:1 - - [01/Aug/2023:12:58:18 +0100] "GET /favicon.ico HTTP/1.1" 500 75
0:0:0:0:0:0:0:1 - - [01/Aug/2023:12:58:21 +0100] "GET / HTTP/1.1" 404 281
0:0:0:0:0:0:0:1 - - [01/Aug/2023:12:58:21 +0100] "GET /favicon.ico HTTP/1.1" 500 75
0:0:0:0:0:0:0:1 - - [01/Aug/2023:12:58:42 +0100] "GET /hello?name=World HTTP/1.1" 200 11
0:0:0:0:0:0:0:1 - - [01/Aug/2023:13:10:37 +0100] "GET /Customers HTTP/1.1" 404 281
0:0:0:0:0:0:0:1 - - [01/Aug/2023:13:10:37 +0100] "GET /favicon.ico HTTP/1.1" 500 75
0:0:0:0:0:0:0:1 - - [01/Aug/2023:13:10:38 +0100] "GET /Customers HTTP/1.1" 404 281
0:0:0:0:0:0:0:1 - - [01/Aug/2023:13:10:38 +0100] "GET /favicon.ico HTTP/1.1" 500 75
